{"logTime": "1016/073738", "correlationVector":"wusOiJBhCCR251Q4N4qQXm.1","action":"SyncServerConnectionManagerRequest", "result":"SYNC_SERVER_OK", "context":{"environment":"Prod_JapanEast_000f", "migrationStage":"NotStarted", "server":"GENERAL1100000G"}}
{"logTime": "1016/073738", "correlationVector":"FBhAgq7ayw0CxZyyG77Z+g","action":"SyncServerConnectionManagerRequest", "result":"SYNC_SERVER_OK", "context":{"environment":"", "migrationStage":"", "server":""}}
{"logTime": "1016/073738", "correlationVector":"wusOiJBhCCR251Q4N4qQXm","action":"Initial GetUpdates", "result":"", "context":Reason: NEW_CLIENT. cV=wusOiJBhCCR251Q4N4qQXm}
{"logTime": "1016/073738", "correlationVector":"wusOiJBhCCR251Q4N4qQXm.2","action":"GetUpdates Response", "result":"Success", "context":Received 1 update(s). cV=wusOiJBhCCR251Q4N4qQXm.0;server=GENERAL1100000G;cloudType=Consumer;environment=Prod_JapanEast_000f;migrationStage=NotStarted}
{"logTime": "1016/073738", "correlationVector":"2hsfELaf7mqUo1UzcF2qTx","action":"Initial GetUpdates", "result":"", "context":Reason: NEWLY_SUPPORTED_DATATYPE. cV=2hsfELaf7mqUo1UzcF2qTx}
{"logTime": "1016/073739", "correlationVector":"2hsfELaf7mqUo1UzcF2qTx.1","action":"SyncServerConnectionManagerRequest", "result":"SYNC_SERVER_OK", "context":{"environment":"Prod_JapanEast_000f", "migrationStage":"NotStarted", "server":"GENERAL11000000"}}
{"logTime": "1016/073739", "correlationVector":"2hsfELaf7mqUo1UzcF2qTx.2","action":"GetUpdates Response", "result":"Success", "context":Received 167 update(s). cV=2hsfELaf7mqUo1UzcF2qTx.0;server=GENERAL11000000;cloudType=Consumer;environment=Prod_JapanEast_000f;migrationStage=NotStarted}
{"logTime": "1016/073739", "correlationVector":"xNbnlPNCQy2hWX6BkgKeux","action":"Initial GetUpdates", "result":"", "context":Reason: NEWLY_SUPPORTED_DATATYPE. cV=xNbnlPNCQy2hWX6BkgKeux}
{"logTime": "1016/073741", "correlationVector":"xNbnlPNCQy2hWX6BkgKeux.1","action":"SyncServerConnectionManagerRequest", "result":"SYNC_SERVER_OK", "context":{"environment":"Prod_JapanEast_000f", "migrationStage":"NotStarted", "server":"GENERAL1100000C"}}
{"logTime": "1016/073741", "correlationVector":"xNbnlPNCQy2hWX6BkgKeux.2","action":"GetUpdates Response", "result":"Success", "context":Received 250 update(s). cV=xNbnlPNCQy2hWX6BkgKeux.0;server=GENERAL1100000C;cloudType=Consumer;environment=Prod_JapanEast_000f;migrationStage=NotStarted Some updates remain.}
{"logTime": "1016/073741", "correlationVector":"rbap5BqWq1jTL6Q6K/tRTl","action":"Initial GetUpdates", "result":"", "context":Reason: NEWLY_SUPPORTED_DATATYPE. cV=rbap5BqWq1jTL6Q6K/tRTl}
{"logTime": "1016/073741", "correlationVector":"rbap5BqWq1jTL6Q6K/tRTl.1","action":"SyncServerConnectionManagerRequest", "result":"SYNC_SERVER_OK", "context":{"environment":"Prod_JapanEast_000f", "migrationStage":"NotStarted", "server":"GENERAL11000000"}}
{"logTime": "1016/073741", "correlationVector":"rbap5BqWq1jTL6Q6K/tRTl.2","action":"GetUpdates Response", "result":"Success", "context":Received 117 update(s). cV=rbap5BqWq1jTL6Q6K/tRTl.0;server=GENERAL11000000;cloudType=Consumer;environment=Prod_JapanEast_000f;migrationStage=NotStarted}
{"logTime": "1016/073742", "correlationVector":"Wbs6IypR4Qmm0+qEI6Svvd","action":"Initial GetUpdates", "result":"", "context":Reason: NEWLY_SUPPORTED_DATATYPE. cV=Wbs6IypR4Qmm0+qEI6Svvd}
{"logTime": "1016/073743", "correlationVector":"Wbs6IypR4Qmm0+qEI6Svvd.1","action":"SyncServerConnectionManagerRequest", "result":"SYNC_SERVER_OK", "context":{"environment":"Prod_JapanEast_000f", "migrationStage":"NotStarted", "server":"GENERAL1100000R"}}
{"logTime": "1016/073743", "correlationVector":"Wbs6IypR4Qmm0+qEI6Svvd.2","action":"GetUpdates", "result":"DeleteReceived", "context":{"id":"2cb346c9-7133-4bd7-94e4-a7f932c9299f", "isDeleted:":"true", "version":"1722393650889"}}
{"logTime": "1016/073743", "correlationVector":"Wbs6IypR4Qmm0+qEI6Svvd.3","action":"GetUpdates", "result":"DeleteReceived", "context":{"id":"2653f2db-cc7d-46ef-bdd6-b7cb2113c8eb", "isDeleted:":"true", "version":"1723382541015"}}
{"logTime": "1016/073743", "correlationVector":"Wbs6IypR4Qmm0+qEI6Svvd.4","action":"GetUpdates", "result":"DeleteReceived", "context":{"id":"c351c1d8-bbe3-40f8-b752-f10012bd7b94", "isDeleted:":"true", "version":"1723382541021"}}
{"logTime": "1016/073743", "correlationVector":"Wbs6IypR4Qmm0+qEI6Svvd.5","action":"GetUpdates", "result":"DeleteReceived", "context":{"id":"167d724b-c0f1-41ad-8ae7-c78c54a091b4", "isDeleted:":"true", "version":"1723382838725"}}
{"logTime": "1016/073743", "correlationVector":"Wbs6IypR4Qmm0+qEI6Svvd.6","action":"GetUpdates", "result":"DeleteReceived", "context":{"id":"4ef95dd5-d4b5-4a1b-8bcd-861f1d2a2df6", "isDeleted:":"true", "version":"1723382838726"}}
{"logTime": "1016/073743", "correlationVector":"Wbs6IypR4Qmm0+qEI6Svvd.7","action":"GetUpdates", "result":"DeleteReceived", "context":{"id":"5cfef9ff-173a-4334-9e25-1bc17accb044", "isDeleted:":"true", "version":"1723382838727"}}
{"logTime": "1016/073743", "correlationVector":"Wbs6IypR4Qmm0+qEI6Svvd.8","action":"GetUpdates", "result":"DeleteReceived", "context":{"id":"20e998b4-c238-4be9-a256-ffedaf49405a", "isDeleted:":"true", "version":"1723382838728"}}
{"logTime": "1016/073743", "correlationVector":"Wbs6IypR4Qmm0+qEI6Svvd.9","action":"GetUpdates", "result":"DeleteReceived", "context":{"id":"2fade887-9e9d-415d-aa38-5a358df53600", "isDeleted:":"true", "version":"1724222763213"}}
{"logTime": "1016/073743", "correlationVector":"Wbs6IypR4Qmm0+qEI6Svvd.10","action":"GetUpdates", "result":"DeleteReceived", "context":{"id":"8fab09ff-3b49-4648-8b97-3dc85c31d021", "isDeleted:":"true", "version":"1724222763215"}}
{"logTime": "1016/073743", "correlationVector":"Wbs6IypR4Qmm0+qEI6Svvd.11","action":"GetUpdates", "result":"DeleteReceived", "context":{"id":"3779d1b4-ee1a-4058-8e6c-c1ff87c6fcb6", "isDeleted:":"true", "version":"1724511479929"}}
{"logTime": "1016/073743", "correlationVector":"Wbs6IypR4Qmm0+qEI6Svvd.12","action":"GetUpdates", "result":"DeleteReceived", "context":{"id":"109fedb4-edab-41da-98e7-cf1687856852", "isDeleted:":"true", "version":"1724511479931"}}
{"logTime": "1016/073743", "correlationVector":"Wbs6IypR4Qmm0+qEI6Svvd.13","action":"GetUpdates", "result":"DeleteReceived", "context":{"id":"7621abc0-521f-417d-878b-839bde141c0d", "isDeleted:":"true", "version":"1724511481985"}}
{"logTime": "1016/073743", "correlationVector":"Wbs6IypR4Qmm0+qEI6Svvd.14","action":"GetUpdates", "result":"DeleteReceived", "context":{"id":"73a647cb-9290-4547-b7bb-396dd8027e10", "isDeleted:":"true", "version":"1724551429165"}}
{"logTime": "1016/073743", "correlationVector":"Wbs6IypR4Qmm0+qEI6Svvd.15","action":"GetUpdates", "result":"DeleteReceived", "context":{"id":"c596dd36-a41b-499d-815e-cf5d6acd9a43", "isDeleted:":"true", "version":"1724551489968"}}
{"logTime": "1016/073743", "correlationVector":"Wbs6IypR4Qmm0+qEI6Svvd.16","action":"GetUpdates", "result":"DeleteReceived", "context":{"id":"c29635e9-ac62-4f13-a800-0d3aea14412b", "isDeleted:":"true", "version":"1724563713206"}}
{"logTime": "1016/073743", "correlationVector":"Wbs6IypR4Qmm0+qEI6Svvd.17","action":"GetUpdates", "result":"DeleteReceived", "context":{"id":"b94589c8-86d4-4064-ade8-ee0e811473a2", "isDeleted:":"true", "version":"1724563713209"}}
{"logTime": "1016/073743", "correlationVector":"Wbs6IypR4Qmm0+qEI6Svvd.18","action":"GetUpdates", "result":"DeleteReceived", "context":{"id":"db1a97e3-0440-4673-9110-77b7105c8814", "isDeleted:":"true", "version":"1724563713210"}}
{"logTime": "1016/073743", "correlationVector":"Wbs6IypR4Qmm0+qEI6Svvd.19","action":"GetUpdates", "result":"DeleteReceived", "context":{"id":"23ed3352-8fc4-428a-933a-8814866a5e03", "isDeleted:":"true", "version":"1724592332770"}}
{"logTime": "1016/073743", "correlationVector":"Wbs6IypR4Qmm0+qEI6Svvd.20","action":"GetUpdates", "result":"DeleteReceived", "context":{"id":"c60fd4d0-e691-4f45-8589-00de8d5ab2bc", "isDeleted:":"true", "version":"1724598393383"}}
{"logTime": "1016/073743", "correlationVector":"Wbs6IypR4Qmm0+qEI6Svvd.21","action":"GetUpdates", "result":"DeleteReceived", "context":{"id":"c5b92b67-919f-4f9c-989f-09a34679adbe", "isDeleted:":"true", "version":"1724598393386"}}
{"logTime": "1016/073743", "correlationVector":"Wbs6IypR4Qmm0+qEI6Svvd.22","action":"GetUpdates", "result":"DeleteReceived", "context":{"id":"db3ca1fd-85f5-475d-8c50-f3673eeecfa9", "isDeleted:":"true", "version":"1724743646993"}}
{"logTime": "1016/073743", "correlationVector":"Wbs6IypR4Qmm0+qEI6Svvd.23","action":"GetUpdates", "result":"DeleteReceived", "context":{"id":"2144fe4b-b45f-4055-8e7b-e54462121d88", "isDeleted:":"true", "version":"1724913458052"}}
{"logTime": "1016/073743", "correlationVector":"Wbs6IypR4Qmm0+qEI6Svvd.24","action":"GetUpdates", "result":"DeleteReceived", "context":{"id":"3b4af468-76e8-416a-8776-fddc60be1902", "isDeleted:":"true", "version":"1725495072289"}}
{"logTime": "1016/073743", "correlationVector":"Wbs6IypR4Qmm0+qEI6Svvd.25","action":"GetUpdates Response", "result":"Success", "context":Received 250 update(s). cV=Wbs6IypR4Qmm0+qEI6Svvd.0;server=GENERAL1100000R;cloudType=Consumer;environment=Prod_JapanEast_000f;migrationStage=NotStarted Some updates remain.}
{"logTime": "1016/073743", "correlationVector":"rQJhVh7mG7xiA+RMPoX8qY","action":"Initial GetUpdates", "result":"", "context":Reason: NEWLY_SUPPORTED_DATATYPE. cV=rQJhVh7mG7xiA+RMPoX8qY}
{"logTime": "1016/073743", "correlationVector":"rQJhVh7mG7xiA+RMPoX8qY.1","action":"SyncServerConnectionManagerRequest", "result":"SYNC_SERVER_OK", "context":{"environment":"Prod_JapanEast_000f", "migrationStage":"NotStarted", "server":"GENERAL0100000N"}}
{"logTime": "1016/073743", "correlationVector":"rQJhVh7mG7xiA+RMPoX8qY.2","action":"GetUpdates", "result":"DeleteReceived", "context":{"id":"053ae432-71b8-45cf-bee6-450c44394d0d", "isDeleted:":"true", "version":"1725495090443"}}
{"logTime": "1016/073743", "correlationVector":"rQJhVh7mG7xiA+RMPoX8qY.3","action":"GetUpdates", "result":"DeleteReceived", "context":{"id":"ab2a283d-fdab-4147-96ba-84a2f834ed79", "isDeleted:":"true", "version":"1725495090446"}}
{"logTime": "1016/073743", "correlationVector":"rQJhVh7mG7xiA+RMPoX8qY.4","action":"GetUpdates", "result":"DeleteReceived", "context":{"id":"874993a2-df66-4194-b652-d49bff15edb7", "isDeleted:":"true", "version":"1726148992956"}}
{"logTime": "1016/073743", "correlationVector":"rQJhVh7mG7xiA+RMPoX8qY.5","action":"GetUpdates", "result":"DeleteReceived", "context":{"id":"9756041f-8e43-4b96-ac35-0d1924622f5e", "isDeleted:":"true", "version":"1726452849553"}}
{"logTime": "1016/073743", "correlationVector":"rQJhVh7mG7xiA+RMPoX8qY.6","action":"GetUpdates", "result":"DeleteReceived", "context":{"id":"b3227bfa-d391-46d6-8552-5e21684a8180", "isDeleted:":"true", "version":"1726452849554"}}
{"logTime": "1016/073743", "correlationVector":"rQJhVh7mG7xiA+RMPoX8qY.7","action":"GetUpdates", "result":"DeleteReceived", "context":{"id":"069f274a-ce6a-4a65-b278-496068b8c00f", "isDeleted:":"true", "version":"1726454895569"}}
{"logTime": "1016/073743", "correlationVector":"rQJhVh7mG7xiA+RMPoX8qY.8","action":"GetUpdates", "result":"DeleteReceived", "context":{"id":"3de3ac1a-0046-40d0-bf8a-926463ae6ee7", "isDeleted:":"true", "version":"1726492351234"}}
{"logTime": "1016/073743", "correlationVector":"rQJhVh7mG7xiA+RMPoX8qY.9","action":"GetUpdates", "result":"DeleteReceived", "context":{"id":"c4e8d879-f27e-4ccc-8c82-140dc97d385d", "isDeleted:":"true", "version":"1726492834119"}}
{"logTime": "1016/073743", "correlationVector":"rQJhVh7mG7xiA+RMPoX8qY.10","action":"GetUpdates", "result":"DeleteReceived", "context":{"id":"cbf2e61c-f7ab-4de2-a6a0-df786d07aabc", "isDeleted:":"true", "version":"1726537428925"}}
{"logTime": "1016/073743", "correlationVector":"rQJhVh7mG7xiA+RMPoX8qY.11","action":"GetUpdates", "result":"DeleteReceived", "context":{"id":"f44c59e7-778e-427d-a8cb-84a060a7d05c", "isDeleted:":"true", "version":"1726537428927"}}
{"logTime": "1016/073743", "correlationVector":"rQJhVh7mG7xiA+RMPoX8qY.12","action":"GetUpdates", "result":"DeleteReceived", "context":{"id":"2b853298-a534-4780-8d08-d5afcc77fc2f", "isDeleted:":"true", "version":"1726537442481"}}
{"logTime": "1016/073743", "correlationVector":"rQJhVh7mG7xiA+RMPoX8qY.13","action":"GetUpdates", "result":"DeleteReceived", "context":{"id":"83c05cac-78b6-44e5-8e7e-8152753b1262", "isDeleted:":"true", "version":"1727323119847"}}
{"logTime": "1016/073743", "correlationVector":"rQJhVh7mG7xiA+RMPoX8qY.14","action":"GetUpdates", "result":"DeleteReceived", "context":{"id":"5fddd83d-d1a8-4dce-872f-24b0a234e8c8", "isDeleted:":"true", "version":"1727323119849"}}
{"logTime": "1016/073743", "correlationVector":"rQJhVh7mG7xiA+RMPoX8qY.15","action":"GetUpdates", "result":"DeleteReceived", "context":{"id":"ecd28de6-1072-447e-84da-1906010cc55d", "isDeleted:":"true", "version":"1727355980336"}}
{"logTime": "1016/073743", "correlationVector":"rQJhVh7mG7xiA+RMPoX8qY.16","action":"GetUpdates Response", "result":"Success", "context":Received 27 update(s). cV=rQJhVh7mG7xiA+RMPoX8qY.0;server=GENERAL0100000N;cloudType=Consumer;environment=Prod_JapanEast_000f;migrationStage=NotStarted}
{"logTime": "1016/073743", "correlationVector":"er18cjWzRz/0Red4fWUc0T","action":"Normal GetUpdate request", "result":"", "context":cV=er18cjWzRz/0Red4fWUc0T
Nudged types: Bookmarks, Sessions, Device Info, User Consents
Refresh requested types: Bookmarks, Preferences, Passwords, Autofill Profiles, Autofill, Typed URLs, Extensions, Sessions, Extension settings, History Delete Directives, Device Info, User Consents, Send Tab To Self, Web Apps, Collection, Edge E Drop, Edge Hub App Usage, Edge Tab Group, Edge Wallet, Encryption Keys}
{"logTime": "1016/073744", "correlationVector":"er18cjWzRz/0Red4fWUc0T.1","action":"SyncServerConnectionManagerRequest", "result":"SYNC_SERVER_OK", "context":{"environment":"Prod_JapanEast_000f", "migrationStage":"NotStarted", "server":"GENERAL11000001"}}
{"logTime": "1016/073744", "correlationVector":"er18cjWzRz/0Red4fWUc0T.2","action":"GetUpdates Response", "result":"Success", "context":Received 0 update(s). cV=er18cjWzRz/0Red4fWUc0T.0;server=GENERAL11000001;cloudType=Consumer;environment=Prod_JapanEast_000f;migrationStage=NotStarted}
{"logTime": "1016/073744", "correlationVector":"CtHgAaHClODkvp0N4h3GOa","action":"Commit Request", "result":"", "context":Item count: 7
Contributing types: Bookmarks, Sessions, Device Info, User Consents}
{"logTime": "1016/073745", "correlationVector":"CtHgAaHClODkvp0N4h3GOa.1","action":"SyncServerConnectionManagerRequest", "result":"SYNC_SERVER_OK", "context":{"environment":"Prod_JapanEast_000f", "migrationStage":"NotStarted", "server":"GENERAL1100000C"}}
{"logTime": "1016/073745", "correlationVector":"CtHgAaHClODkvp0N4h3GOa.2","action":"Commit Response", "result":"Success", "context":Result: Success. cV=CtHgAaHClODkvp0N4h3GOa.0;server=GENERAL1100000C;cloudType=Consumer;environment=Prod_JapanEast_000f;migrationStage=NotStarted}
{"logTime": "1016/073745", "correlationVector":"mhefKcdaR061mpNkcPYABQ","action":"Normal GetUpdate request", "result":"", "context":cV=mhefKcdaR061mpNkcPYABQ
Nudged types: Sessions, Device Info}
{"logTime": "1016/073748", "correlationVector":"mhefKcdaR061mpNkcPYABQ.1","action":"SyncServerConnectionManagerRequest", "result":"SYNC_SERVER_OK", "context":{"environment":"Prod_JapanEast_000f", "migrationStage":"NotStarted", "server":"GENERAL0100001L"}}
{"logTime": "1016/073748", "correlationVector":"mhefKcdaR061mpNkcPYABQ.2","action":"GetUpdates Response", "result":"Success", "context":Received 5 update(s). cV=mhefKcdaR061mpNkcPYABQ.0;server=GENERAL0100001L;cloudType=Consumer;environment=Prod_JapanEast_000f;migrationStage=NotStarted}
{"logTime": "1016/073749", "correlationVector":"Qo3KXY3Jb43rt0m0eUVMi8","action":"DoCompareDataConsistency: ", "result":"has local changes and skip compare"}
{"logTime": "1016/073750", "correlationVector":"ER0+2dCTX79fW7kcOLNoPV","action":"Commit Request", "result":"", "context":Item count: 2
Contributing types: Preferences}
{"logTime": "1016/073751", "correlationVector":"ER0+2dCTX79fW7kcOLNoPV.1","action":"SyncServerConnectionManagerRequest", "result":"SYNC_SERVER_OK", "context":{"environment":"Prod_JapanEast_000f", "migrationStage":"NotStarted", "server":"GENERAL0100000N"}}
{"logTime": "1016/073751", "correlationVector":"ER0+2dCTX79fW7kcOLNoPV.2","action":"Commit Response", "result":"Success", "context":Result: Success. cV=ER0+2dCTX79fW7kcOLNoPV.0;server=GENERAL0100000N;cloudType=Consumer;environment=Prod_JapanEast_000f;migrationStage=NotStarted}
{"logTime": "1016/073910", "correlationVector":"9iSxRoZ4SislKZocFb/fFA","action":"Commit Request", "result":"", "context":Item count: 1
Contributing types: Sessions}
{"logTime": "1016/073910", "correlationVector":"9iSxRoZ4SislKZocFb/fFA.1","action":"SyncServerConnectionManagerRequest", "result":"SYNC_SERVER_OK", "context":{"environment":"Prod_JapanEast_000f", "migrationStage":"NotStarted", "server":"GENERAL1100000Y"}}
{"logTime": "1016/073910", "correlationVector":"9iSxRoZ4SislKZocFb/fFA.2","action":"Commit Response", "result":"Success", "context":Result: Success. cV=9iSxRoZ4SislKZocFb/fFA.0;server=GENERAL1100000Y;cloudType=Consumer;environment=Prod_JapanEast_000f;migrationStage=NotStarted}
